<?xml version="1.0" encoding="UTF-8"?>
<testsuite name="com.example.ApplicationTest" tests="1" skipped="0" failures="0" errors="0" timestamp="2021-12-09T03:24:45" hostname="Konrad-Asus" time="0.335">
  <properties/>
  <testcase name="testRoot" classname="com.example.ApplicationTest" time="0.335"/>
  <system-out><![CDATA[2021-12-09 04:24:45.608 [Test worker] INFO  ktor.test - Autoreload is disabled because the development mode is off.
2021-12-09 04:24:45.615 [Test worker] INFO  ktor.test - Application started in 0.047 seconds.
]]></system-out>
  <system-err><![CDATA[]]></system-err>
</testsuite>
